<?xml version="1.0" encoding="UTF-8"?>
<testsuite name="TesteSimples" tests="1" skipped="0" failures="0" errors="0" timestamp="2021-04-03T18:41:31" hostname="FAMILIAOLIVEIRA" time="0.04">
  <properties/>
  <testcase name="teste1()" classname="TesteSimples" time="0.04"/>
  <system-out><![CDATA[teste 01 funcionando
]]></system-out>
  <system-err><![CDATA[]]></system-err>
</testsuite>
